<?xml version="1.0" encoding="UTF-8"?>
<!-- Generated by org.testng.reporters.JUnitXMLReporter -->
<testsuite ignored="0" hostname="DESKTOP-SPLF49R" failures="0" tests="1" name="Default test(failed)" time="0.083" errors="0" timestamp="2022-09-23T19:26:14 IST">
  <testcase classname="com.inetbanking.testCases.BaseClass" name="@BeforeClass setup" time="-1.66394137422E9">
    <failure type="org.testng.TestNGException" message="
Parameter &amp;apos;broswer&amp;apos; is required by BeforeClass on method setup but has not been marked @Optional or defined
in C:\Users\ADMIN PC\eclipse-workspace\HybraidFramework21-09\test-output\testng-failed.xml">
      <![CDATA[org.testng.TestNGException: 
Parameter 'broswer' is required by BeforeClass on method setup but has not been marked @Optional or defined
in C:\Users\ADMIN PC\eclipse-workspace\HybraidFramework21-09\test-output\testng-failed.xml
at java.base/java.util.ArrayList.forEach(ArrayList.java:1511)
... Removed 22 stack frames]]>
    </failure>
  </testcase> <!-- @BeforeClass setup -->
  <testcase classname="com.inetbanking.testCases.BaseClass" name="@AfterClass teardown" time="0.0">
    <skipped/>
  </testcase> <!-- @AfterClass teardown -->
  <testcase classname="com.inetbanking.testCases.TC_LoginTest_001" name="loginTest" time="0.001">
    <skipped/>
  </testcase> <!-- loginTest -->
</testsuite> <!-- Default test(failed) -->
